
[05:05:08] Message: Démarrage d'Aevilia !
[05:05:08] Log: Logging démarré avec succès.
[05:05:08] Log: Initialisation de la SDL...
[05:05:08] Log: Initialisation terminée.
[05:05:08] Log: Création de la fenêtre...
[05:05:08] Log: Création du rendu...
[05:05:09] Log: Rendu créé.
[05:05:09] Log: Nettoyage de l'écran prédéfini.
[05:05:09] Log: Chargement du fichier de tiles...
[05:05:09] Log: Chargement du fichier img/tiles.bmp
[05:05:09] Log: Chargement terminé.
[05:05:09] Log: Le chargement des graphismes est terminé.
[05:05:09] Log: Graphismes initialisés.
[05:05:09] Log: Génération de la liste des headers de maps...
[05:05:09] Log: Génération terminée.
[05:05:09] Log: Récupération des sauvegardes...
[05:05:09] Log: Terminé.
[05:05:09] Log: Création du timer des frames...
[05:05:09] Log: Le timer a été créé.
[05:05:09] Log: Initialisation terminée !

[05:05:09] Log: Création des transparences...
[05:05:09] Log: Transparences enregistrées.
[05:05:09] Log: Génération de la liste des attributs de tiles...
[05:05:09] Log: Génération terminée.
[05:05:09] Log: Chargement écran titre...
[05:05:09] Log: Ecran titre chargé.
[05:05:09] Message: Chargement de la map 1.
[05:05:09] Log: Ajout d'un menu. Pointeur : 0x637900. Frame : 0.
[05:05:09] Message: Terminé !
[05:05:09] Log: Ajout d'un menu. Pointeur : 0x638dc0. Frame : 27.
[05:05:09] Log: Retrait d'un menu. Pointeur : 0x638dc0. Frame : 45.
[05:05:10] Log: Retrait d'un menu. Pointeur : 0x637900. Frame : 60.
[05:05:10] Message: Décompression de la sauvegarde n°0
[05:05:11] Message: Chargement de la map 0.
[05:05:11] Message: Terminé !
[05:05:11] Message: Taille de l'affichage : 1080 pix de haut, 1920 pix de large.
[05:05:11] Message: Taille de la boîte : 108 pix de haut, 192 pix de large.
[05:05:31] Log: Déchargement du fichier img/tiles.bmp